# JRE version: OpenJDK Runtime Environment (11.0.12+7) (build 11.0.12+7-b1504.28-7817840)
# Java VM: OpenJDK 64-Bit Server VM (11.0.12+7-b1504.28-7817840, mixed mode, tiered, compressed oops, g1 gc, windows-amd64)
Heap:
 garbage-first heap   total 510976K, used 197120K [0x0000000080000000, 0x0000000100000000)
  region size 1024K, 2 young (2048K), 2 survivors (2048K)
 Metaspace       used 91261K, capacity 93519K, committed 93820K, reserved 1130496K
  class space    used 11945K, capacity 12736K, committed 12800K, reserved 1048576K
GC Heap History (20 events):
Event: 181.049 GC heap after
{Heap after GC invocations=46 (full 0):
 garbage-first heap   total 168960K, used 132096K [0x0000000080000000, 0x0000000100000000)
  region size 1024K, 2 young (2048K), 2 survivors (2048K)
 Metaspace       used 88956K, capacity 91128K, committed 91260K, reserved 1128448K
  class space    used 11481K, capacity 12263K, committed 12288K, reserved 1048576K
}
Event: 182.245 GC heap before
{Heap before GC invocations=47 (full 0):
 garbage-first heap   total 168960K, used 137216K [0x0000000080000000, 0x0000000100000000)
  region size 1024K, 7 young (7168K), 2 survivors (2048K)
 Metaspace       used 88957K, capacity 91128K, committed 91260K, reserved 1128448K
  class space    used 11481K, capacity 12263K, committed 12288K, reserved 1048576K
}
Event: 182.304 GC heap after
{Heap after GC invocations=48 (full 0):
 garbage-first heap   total 168960K, used 135193K [0x0000000080000000, 0x0000000100000000)
  region size 1024K, 2 young (2048K), 2 survivors (2048K)
 Metaspace       used 88957K, capacity 91128K, committed 91260K, reserved 1128448K
  class space    used 11481K, capacity 12263K, committed 12288K, reserved 1048576K
}
Event: 182.703 GC heap before
{Heap before GC invocations=48 (full 0):
 garbage-first heap   total 168960K, used 142361K [0x0000000080000000, 0x0000000100000000)
  region size 1024K, 8 young (8192K), 2 survivors (2048K)
 Metaspace       used 88957K, capacity 91128K, committed 91260K, reserved 1128448K
  class space    used 11481K, capacity 12263K, committed 12288K, reserved 1048576K
}
Event: 182.767 GC heap after
{Heap after GC invocations=49 (full 0):
 garbage-first heap   total 202752K, used 138659K [0x0000000080000000, 0x0000000100000000)
  region size 1024K, 1 young (1024K), 1 survivors (1024K)
 Metaspace       used 88957K, capacity 91128K, committed 91260K, reserved 1128448K
  class space    used 11481K, capacity 12263K, committed 12288K, reserved 1048576K
}
Event: 185.830 GC heap before
{Heap before GC invocations=50 (full 0):
 garbage-first heap   total 202752K, used 152995K [0x0000000080000000, 0x0000000100000000)
  region size 1024K, 16 young (16384K), 1 survivors (1024K)
 Metaspace       used 90940K, capacity 93231K, committed 93308K, reserved 1130496K
  class space    used 11928K, capacity 12731K, committed 12800K, reserved 1048576K
}
Event: 185.941 GC heap after
{Heap after GC invocations=51 (full 0):
 garbage-first heap   total 202752K, used 143931K [0x0000000080000000, 0x0000000100000000)
  region size 1024K, 2 young (2048K), 2 survivors (2048K)
 Metaspace       used 90940K, capacity 93231K, committed 93308K, reserved 1130496K
  class space    used 11928K, capacity 12731K, committed 12800K, reserved 1048576K
}
Event: 188.434 GC heap before
{Heap before GC invocations=51 (full 0):
 garbage-first heap   total 202752K, used 158267K [0x0000000080000000, 0x0000000100000000)
  region size 1024K, 17 young (17408K), 2 survivors (2048K)
 Metaspace       used 91197K, capacity 93439K, committed 93564K, reserved 1130496K
  class space    used 11940K, capacity 12732K, committed 12800K, reserved 1048576K
}
Event: 188.535 GC heap after
{Heap after GC invocations=52 (full 0):
 garbage-first heap   total 202752K, used 151904K [0x0000000080000000, 0x0000000100000000)
  region size 1024K, 3 young (3072K), 3 survivors (3072K)
 Metaspace       used 91197K, capacity 93439K, committed 93564K, reserved 1130496K
  class space    used 11940K, capacity 12732K, committed 12800K, reserved 1048576K
}
Event: 192.169 GC heap before
{Heap before GC invocations=53 (full 0):
 garbage-first heap   total 202752K, used 163168K [0x0000000080000000, 0x0000000100000000)
  region size 1024K, 15 young (15360K), 3 survivors (3072K)
 Metaspace       used 91225K, capacity 93452K, committed 93564K, reserved 1130496K
  class space    used 11944K, capacity 12736K, committed 12800K, reserved 1048576K
}
Event: 192.240 GC heap after
{Heap after GC invocations=54 (full 0):
 garbage-first heap   total 202752K, used 158720K [0x0000000080000000, 0x0000000100000000)
  region size 1024K, 2 young (2048K), 2 survivors (2048K)
 Metaspace       used 91225K, capacity 93452K, committed 93564K, reserved 1130496K
  class space    used 11944K, capacity 12736K, committed 12800K, reserved 1048576K
}
Event: 192.772 GC heap before
{Heap before GC invocations=54 (full 0):
 garbage-first heap   total 202752K, used 168960K [0x0000000080000000, 0x0000000100000000)
  region size 1024K, 12 young (12288K), 2 survivors (2048K)
 Metaspace       used 91236K, capacity 93455K, committed 93564K, reserved 1130496K
  class space    used 11944K, capacity 12736K, committed 12800K, reserved 1048576K
}
Event: 192.839 GC heap after
{Heap after GC invocations=55 (full 0):
 garbage-first heap   total 265216K, used 164352K [0x0000000080000000, 0x0000000100000000)
  region size 1024K, 2 young (2048K), 2 survivors (2048K)
 Metaspace       used 91236K, capacity 93455K, committed 93564K, reserved 1130496K
  class space    used 11944K, capacity 12736K, committed 12800K, reserved 1048576K
}
Event: 195.792 GC heap before
{Heap before GC invocations=56 (full 0):
 garbage-first heap   total 265216K, used 183808K [0x0000000080000000, 0x0000000100000000)
  region size 1024K, 22 young (22528K), 2 survivors (2048K)
 Metaspace       used 91253K, capacity 93519K, committed 93820K, reserved 1130496K
  class space    used 11944K, capacity 12736K, committed 12800K, reserved 1048576K
}
Event: 195.920 GC heap after
{Heap after GC invocations=57 (full 0):
 garbage-first heap   total 265216K, used 175104K [0x0000000080000000, 0x0000000100000000)
  region size 1024K, 3 young (3072K), 3 survivors (3072K)
 Metaspace       used 91253K, capacity 93519K, committed 93820K, reserved 1130496K
  class space    used 11944K, capacity 12736K, committed 12800K, reserved 1048576K
}
Event: 196.991 GC heap before
{Heap before GC invocations=57 (full 0):
 garbage-first heap   total 265216K, used 197632K [0x0000000080000000, 0x0000000100000000)
  region size 1024K, 25 young (25600K), 3 survivors (3072K)
 Metaspace       used 91255K, capacity 93519K, committed 93820K, reserved 1130496K
  class space    used 11944K, capacity 12736K, committed 12800K, reserved 1048576K
}
Event: 197.389 GC heap after
{Heap after GC invocations=58 (full 0):
 garbage-first heap   total 265216K, used 186880K [0x0000000080000000, 0x0000000100000000)
  region size 1024K, 4 young (4096K), 4 survivors (4096K)
 Metaspace       used 91255K, capacity 93519K, committed 93820K, reserved 1130496K
  class space    used 11944K, capacity 12736K, committed 12800K, reserved 1048576K
}
Event: 200.879 GC heap before
{Heap before GC invocations=59 (full 0):
 garbage-first heap   total 265216K, used 195072K [0x0000000080000000, 0x0000000100000000)
  region size 1024K, 12 young (12288K), 4 survivors (4096K)
 Metaspace       used 91258K, capacity 93519K, committed 93820K, reserved 1130496K
  class space    used 11945K, capacity 12736K, committed 12800K, reserved 1048576K
}
Event: 200.962 GC heap after
{Heap after GC invocations=60 (full 0):
 garbage-first heap   total 265216K, used 191488K [0x0000000080000000, 0x0000000100000000)
  region size 1024K, 2 young (2048K), 2 survivors (2048K)
 Metaspace       used 91258K, capacity 93519K, committed 93820K, reserved 1130496K
  class space    used 11945K, capacity 12736K, committed 12800K, reserved 1048576K
}
Event: 201.764 GC heap before
{Heap before GC invocations=60 (full 0):
 garbage-first heap   total 265216K, used 201728K [0x0000000080000000, 0x0000000100000000)
  region size 1024K, 12 young (12288K), 2 survivors (2048K)
 Metaspace       used 91261K, capacity 93519K, committed 93820K, reserved 1130496K
  class space    used 11945K, capacity 12736K, committed 12800K, reserved 1048576K
}

