# JRE version: OpenJDK Runtime Environment (11.0.12+7) (build 11.0.12+7-b1504.28-7817840)
# Java VM: OpenJDK 64-Bit Server VM (11.0.12+7-b1504.28-7817840, mixed mode, tiered, compressed oops, g1 gc, windows-amd64)
Heap:
 garbage-first heap   total 407552K, used 112794K [0x0000000080000000, 0x0000000100000000)
  region size 1024K, 2 young (2048K), 2 survivors (2048K)
 Metaspace       used 121599K, capacity 124863K, committed 125136K, reserved 1157120K
  class space    used 15271K, capacity 16539K, committed 16640K, reserved 1048576K
GC Heap History (20 events):
Event: 3807.045 GC heap after
{Heap after GC invocations=195 (full 0):
 garbage-first heap   total 250880K, used 107520K [0x0000000080000000, 0x0000000100000000)
  region size 1024K, 2 young (2048K), 2 survivors (2048K)
 Metaspace       used 120998K, capacity 124333K, committed 124624K, reserved 1157120K
  class space    used 15271K, capacity 16539K, committed 16640K, reserved 1048576K
}
Event: 3861.251 GC heap before
{Heap before GC invocations=195 (full 0):
 garbage-first heap   total 250880K, used 117760K [0x0000000080000000, 0x0000000100000000)
  region size 1024K, 12 young (12288K), 2 survivors (2048K)
 Metaspace       used 121010K, capacity 124333K, committed 124624K, reserved 1157120K
  class space    used 15271K, capacity 16539K, committed 16640K, reserved 1048576K
}
Event: 3862.411 GC heap after
{Heap after GC invocations=196 (full 0):
 garbage-first heap   total 250880K, used 104339K [0x0000000080000000, 0x0000000100000000)
  region size 1024K, 2 young (2048K), 2 survivors (2048K)
 Metaspace       used 121010K, capacity 124333K, committed 124624K, reserved 1157120K
  class space    used 15271K, capacity 16539K, committed 16640K, reserved 1048576K
}
Event: 3871.949 GC heap before
{Heap before GC invocations=196 (full 0):
 garbage-first heap   total 250880K, used 114579K [0x0000000080000000, 0x0000000100000000)
  region size 1024K, 12 young (12288K), 2 survivors (2048K)
 Metaspace       used 121020K, capacity 124333K, committed 124624K, reserved 1157120K
  class space    used 15271K, capacity 16539K, committed 16640K, reserved 1048576K
}
Event: 3872.447 GC heap after
{Heap after GC invocations=197 (full 0):
 garbage-first heap   total 250880K, used 105472K [0x0000000080000000, 0x0000000100000000)
  region size 1024K, 2 young (2048K), 2 survivors (2048K)
 Metaspace       used 121020K, capacity 124333K, committed 124624K, reserved 1157120K
  class space    used 15271K, capacity 16539K, committed 16640K, reserved 1048576K
}
Event: 3876.148 GC heap before
{Heap before GC invocations=197 (full 0):
 garbage-first heap   total 250880K, used 115712K [0x0000000080000000, 0x0000000100000000)
  region size 1024K, 12 young (12288K), 2 survivors (2048K)
 Metaspace       used 121038K, capacity 124336K, committed 124624K, reserved 1157120K
  class space    used 15271K, capacity 16539K, committed 16640K, reserved 1048576K
}
Event: 3876.207 GC heap after
{Heap after GC invocations=198 (full 0):
 garbage-first heap   total 250880K, used 108027K [0x0000000080000000, 0x0000000100000000)
  region size 1024K, 2 young (2048K), 2 survivors (2048K)
 Metaspace       used 121038K, capacity 124336K, committed 124624K, reserved 1157120K
  class space    used 15271K, capacity 16539K, committed 16640K, reserved 1048576K
}
Event: 3880.036 GC heap before
{Heap before GC invocations=199 (full 0):
 garbage-first heap   total 250880K, used 118267K [0x0000000080000000, 0x0000000100000000)
  region size 1024K, 12 young (12288K), 2 survivors (2048K)
 Metaspace       used 121112K, capacity 124401K, committed 124880K, reserved 1157120K
  class space    used 15271K, capacity 16539K, committed 16640K, reserved 1048576K
}
Event: 3880.178 GC heap after
{Heap after GC invocations=200 (full 0):
 garbage-first heap   total 250880K, used 109806K [0x0000000080000000, 0x0000000100000000)
  region size 1024K, 2 young (2048K), 2 survivors (2048K)
 Metaspace       used 121112K, capacity 124401K, committed 124880K, reserved 1157120K
  class space    used 15271K, capacity 16539K, committed 16640K, reserved 1048576K
}
Event: 3883.631 GC heap before
{Heap before GC invocations=200 (full 0):
 garbage-first heap   total 250880K, used 119022K [0x0000000080000000, 0x0000000100000000)
  region size 1024K, 12 young (12288K), 2 survivors (2048K)
 Metaspace       used 121148K, capacity 124467K, committed 124880K, reserved 1157120K
  class space    used 15271K, capacity 16539K, committed 16640K, reserved 1048576K
}
Event: 3884.641 GC heap after
{Heap after GC invocations=201 (full 0):
 garbage-first heap   total 250880K, used 109390K [0x0000000080000000, 0x0000000100000000)
  region size 1024K, 1 young (1024K), 1 survivors (1024K)
 Metaspace       used 121148K, capacity 124467K, committed 124880K, reserved 1157120K
  class space    used 15271K, capacity 16539K, committed 16640K, reserved 1048576K
}
Event: 3885.199 GC heap before
{Heap before GC invocations=201 (full 0):
 garbage-first heap   total 250880K, used 120654K [0x0000000080000000, 0x0000000100000000)
  region size 1024K, 12 young (12288K), 1 survivors (1024K)
 Metaspace       used 121151K, capacity 124467K, committed 124880K, reserved 1157120K
  class space    used 15271K, capacity 16539K, committed 16640K, reserved 1048576K
}
Event: 3885.215 GC heap after
{Heap after GC invocations=202 (full 0):
 garbage-first heap   total 250880K, used 109895K [0x0000000080000000, 0x0000000100000000)
  region size 1024K, 2 young (2048K), 2 survivors (2048K)
 Metaspace       used 121151K, capacity 124467K, committed 124880K, reserved 1157120K
  class space    used 15271K, capacity 16539K, committed 16640K, reserved 1048576K
}
Event: 3885.956 GC heap before
{Heap before GC invocations=203 (full 0):
 garbage-first heap   total 250880K, used 118087K [0x0000000080000000, 0x0000000100000000)
  region size 1024K, 12 young (12288K), 2 survivors (2048K)
 Metaspace       used 121152K, capacity 124467K, committed 124880K, reserved 1157120K
  class space    used 15271K, capacity 16539K, committed 16640K, reserved 1048576K
}
Event: 3886.682 GC heap after
{Heap after GC invocations=204 (full 0):
 garbage-first heap   total 250880K, used 108040K [0x0000000080000000, 0x0000000100000000)
  region size 1024K, 1 young (1024K), 1 survivors (1024K)
 Metaspace       used 121152K, capacity 124467K, committed 124880K, reserved 1157120K
  class space    used 15271K, capacity 16539K, committed 16640K, reserved 1048576K
}
Event: 3900.405 GC heap before
{Heap before GC invocations=204 (full 0):
 garbage-first heap   total 250880K, used 121352K [0x0000000080000000, 0x0000000100000000)
  region size 1024K, 12 young (12288K), 1 survivors (1024K)
 Metaspace       used 121163K, capacity 124471K, committed 124880K, reserved 1157120K
  class space    used 15271K, capacity 16539K, committed 16640K, reserved 1048576K
}
Event: 3901.366 GC heap after
{Heap after GC invocations=205 (full 0):
 garbage-first heap   total 250880K, used 108504K [0x0000000080000000, 0x0000000100000000)
  region size 1024K, 2 young (2048K), 2 survivors (2048K)
 Metaspace       used 121163K, capacity 124471K, committed 124880K, reserved 1157120K
  class space    used 15271K, capacity 16539K, committed 16640K, reserved 1048576K
}
Event: 3912.705 GC heap before
{Heap before GC invocations=205 (full 0):
 garbage-first heap   total 250880K, used 118744K [0x0000000080000000, 0x0000000100000000)
  region size 1024K, 12 young (12288K), 2 survivors (2048K)
 Metaspace       used 121190K, capacity 124473K, committed 124880K, reserved 1157120K
  class space    used 15271K, capacity 16539K, committed 16640K, reserved 1048576K
}
Event: 3913.063 GC heap after
{Heap after GC invocations=206 (full 0):
 garbage-first heap   total 250880K, used 112021K [0x0000000080000000, 0x0000000100000000)
  region size 1024K, 2 young (2048K), 2 survivors (2048K)
 Metaspace       used 121190K, capacity 124473K, committed 124880K, reserved 1157120K
  class space    used 15271K, capacity 16539K, committed 16640K, reserved 1048576K
}
Event: 3917.055 GC heap before
{Heap before GC invocations=207 (full 0):
 garbage-first heap   total 250880K, used 120213K [0x0000000080000000, 0x0000000100000000)
  region size 1024K, 12 young (12288K), 2 survivors (2048K)
 Metaspace       used 121599K, capacity 124863K, committed 125136K, reserved 1157120K
  class space    used 15271K, capacity 16539K, committed 16640K, reserved 1048576K
}

