# JRE version: OpenJDK Runtime Environment (11.0.12+7) (build 11.0.12+7-b1504.28-7817840)
# Java VM: OpenJDK 64-Bit Server VM (11.0.12+7-b1504.28-7817840, mixed mode, tiered, compressed oops, g1 gc, windows-amd64)
Heap:
 garbage-first heap   total 884736K, used 204800K [0x0000000080000000, 0x0000000100000000)
  region size 1024K, 2 young (2048K), 2 survivors (2048K)
 Metaspace       used 116655K, capacity 119949K, committed 120060K, reserved 1153024K
  class space    used 14650K, capacity 15909K, committed 16000K, reserved 1048576K
GC Heap History (20 events):
Event: 2923.796 GC heap after
{Heap after GC invocations=146 (full 0):
 garbage-first heap   total 183296K, used 157075K [0x0000000080000000, 0x0000000100000000)
  region size 1024K, 1 young (1024K), 1 survivors (1024K)
 Metaspace       used 116477K, capacity 119707K, committed 120060K, reserved 1153024K
  class space    used 14639K, capacity 15897K, committed 16000K, reserved 1048576K
}
Event: 2923.903 GC heap before
{Heap before GC invocations=146 (full 0):
 garbage-first heap   total 183296K, used 164243K [0x0000000080000000, 0x0000000100000000)
  region size 1024K, 8 young (8192K), 1 survivors (1024K)
 Metaspace       used 116486K, capacity 119708K, committed 120060K, reserved 1153024K
  class space    used 14639K, capacity 15897K, committed 16000K, reserved 1048576K
}
Event: 2923.932 GC heap after
{Heap after GC invocations=147 (full 0):
 garbage-first heap   total 183296K, used 161277K [0x0000000080000000, 0x0000000100000000)
  region size 1024K, 1 young (1024K), 1 survivors (1024K)
 Metaspace       used 116486K, capacity 119708K, committed 120060K, reserved 1153024K
  class space    used 14639K, capacity 15897K, committed 16000K, reserved 1048576K
}
Event: 2925.927 GC heap before
{Heap before GC invocations=148 (full 0):
 garbage-first heap   total 183296K, used 168445K [0x0000000080000000, 0x0000000100000000)
  region size 1024K, 8 young (8192K), 1 survivors (1024K)
 Metaspace       used 116510K, capacity 119772K, committed 120060K, reserved 1153024K
  class space    used 14639K, capacity 15897K, committed 16000K, reserved 1048576K
}
Event: 2925.962 GC heap after
{Heap after GC invocations=149 (full 0):
 garbage-first heap   total 220160K, used 165691K [0x0000000080000000, 0x0000000100000000)
  region size 1024K, 1 young (1024K), 1 survivors (1024K)
 Metaspace       used 116510K, capacity 119772K, committed 120060K, reserved 1153024K
  class space    used 14639K, capacity 15897K, committed 16000K, reserved 1048576K
}
Event: 2926.090 GC heap before
{Heap before GC invocations=149 (full 0):
 garbage-first heap   total 220160K, used 174907K [0x0000000080000000, 0x0000000100000000)
  region size 1024K, 10 young (10240K), 1 survivors (1024K)
 Metaspace       used 116513K, capacity 119772K, committed 120060K, reserved 1153024K
  class space    used 14639K, capacity 15897K, committed 16000K, reserved 1048576K
}
Event: 2926.153 GC heap after
{Heap after GC invocations=150 (full 0):
 garbage-first heap   total 220160K, used 169732K [0x0000000080000000, 0x0000000100000000)
  region size 1024K, 2 young (2048K), 2 survivors (2048K)
 Metaspace       used 116513K, capacity 119772K, committed 120060K, reserved 1153024K
  class space    used 14639K, capacity 15897K, committed 16000K, reserved 1048576K
}
Event: 2926.264 GC heap before
{Heap before GC invocations=150 (full 0):
 garbage-first heap   total 220160K, used 179972K [0x0000000080000000, 0x0000000100000000)
  region size 1024K, 12 young (12288K), 2 survivors (2048K)
 Metaspace       used 116515K, capacity 119772K, committed 120060K, reserved 1153024K
  class space    used 14639K, capacity 15897K, committed 16000K, reserved 1048576K
}
Event: 2926.311 GC heap after
{Heap after GC invocations=151 (full 0):
 garbage-first heap   total 220160K, used 175104K [0x0000000080000000, 0x0000000100000000)
  region size 1024K, 2 young (2048K), 2 survivors (2048K)
 Metaspace       used 116515K, capacity 119772K, committed 120060K, reserved 1153024K
  class space    used 14639K, capacity 15897K, committed 16000K, reserved 1048576K
}
Event: 2927.498 GC heap before
{Heap before GC invocations=152 (full 0):
 garbage-first heap   total 220160K, used 184320K [0x0000000080000000, 0x0000000100000000)
  region size 1024K, 11 young (11264K), 2 survivors (2048K)
 Metaspace       used 116515K, capacity 119772K, committed 120060K, reserved 1153024K
  class space    used 14639K, capacity 15897K, committed 16000K, reserved 1048576K
}
Event: 2927.538 GC heap after
{Heap after GC invocations=153 (full 0):
 garbage-first heap   total 220160K, used 180224K [0x0000000080000000, 0x0000000100000000)
  region size 1024K, 2 young (2048K), 2 survivors (2048K)
 Metaspace       used 116515K, capacity 119772K, committed 120060K, reserved 1153024K
  class space    used 14639K, capacity 15897K, committed 16000K, reserved 1048576K
}
Event: 2927.650 GC heap before
{Heap before GC invocations=153 (full 0):
 garbage-first heap   total 220160K, used 188416K [0x0000000080000000, 0x0000000100000000)
  region size 1024K, 10 young (10240K), 2 survivors (2048K)
 Metaspace       used 116515K, capacity 119772K, committed 120060K, reserved 1153024K
  class space    used 14639K, capacity 15897K, committed 16000K, reserved 1048576K
}
Event: 2927.946 GC heap after
{Heap after GC invocations=154 (full 0):
 garbage-first heap   total 407552K, used 183790K [0x0000000080000000, 0x0000000100000000)
  region size 1024K, 2 young (2048K), 2 survivors (2048K)
 Metaspace       used 116515K, capacity 119772K, committed 120060K, reserved 1153024K
  class space    used 14639K, capacity 15897K, committed 16000K, reserved 1048576K
}
Event: 2929.056 GC heap before
{Heap before GC invocations=154 (full 0):
 garbage-first heap   total 407552K, used 201198K [0x0000000080000000, 0x0000000100000000)
  region size 1024K, 19 young (19456K), 2 survivors (2048K)
 Metaspace       used 116524K, capacity 119772K, committed 120060K, reserved 1153024K
  class space    used 14639K, capacity 15897K, committed 16000K, reserved 1048576K
}
Event: 2929.128 GC heap after
{Heap after GC invocations=155 (full 0):
 garbage-first heap   total 407552K, used 193536K [0x0000000080000000, 0x0000000100000000)
  region size 1024K, 3 young (3072K), 3 survivors (3072K)
 Metaspace       used 116524K, capacity 119772K, committed 120060K, reserved 1153024K
  class space    used 14639K, capacity 15897K, committed 16000K, reserved 1048576K
}
Event: 2932.306 GC heap before
{Heap before GC invocations=156 (full 0):
 garbage-first heap   total 407552K, used 212992K [0x0000000080000000, 0x0000000100000000)
  region size 1024K, 22 young (22528K), 3 survivors (3072K)
 Metaspace       used 116529K, capacity 119773K, committed 120060K, reserved 1153024K
  class space    used 14640K, capacity 15897K, committed 16000K, reserved 1048576K
}
Event: 2932.375 GC heap after
{Heap after GC invocations=157 (full 0):
 garbage-first heap   total 407552K, used 203776K [0x0000000080000000, 0x0000000100000000)
  region size 1024K, 3 young (3072K), 3 survivors (3072K)
 Metaspace       used 116529K, capacity 119773K, committed 120060K, reserved 1153024K
  class space    used 14640K, capacity 15897K, committed 16000K, reserved 1048576K
}
Event: 2933.258 GC heap before
{Heap before GC invocations=157 (full 0):
 garbage-first heap   total 407552K, used 229376K [0x0000000080000000, 0x0000000100000000)
  region size 1024K, 29 young (29696K), 3 survivors (3072K)
 Metaspace       used 116599K, capacity 119783K, committed 120060K, reserved 1153024K
  class space    used 14645K, capacity 15899K, committed 16000K, reserved 1048576K
}
Event: 2933.355 GC heap after
{Heap after GC invocations=158 (full 0):
 garbage-first heap   total 407552K, used 212480K [0x0000000080000000, 0x0000000100000000)
  region size 1024K, 4 young (4096K), 4 survivors (4096K)
 Metaspace       used 116599K, capacity 119783K, committed 120060K, reserved 1153024K
  class space    used 14645K, capacity 15899K, committed 16000K, reserved 1048576K
}
Event: 2936.464 GC heap before
{Heap before GC invocations=159 (full 0):
 garbage-first heap   total 407552K, used 217600K [0x0000000080000000, 0x0000000100000000)
  region size 1024K, 20 young (20480K), 4 survivors (4096K)
 Metaspace       used 116655K, capacity 119949K, committed 120060K, reserved 1153024K
  class space    used 14650K, capacity 15909K, committed 16000K, reserved 1048576K
}

