# JRE version: OpenJDK Runtime Environment (11.0.12+7) (build 11.0.12+7-b1504.28-7817840)
# Java VM: OpenJDK 64-Bit Server VM (11.0.12+7-b1504.28-7817840, mixed mode, tiered, compressed oops, g1 gc, windows-amd64)
Heap:
 garbage-first heap   total 386048K, used 216064K [0x0000000080000000, 0x0000000100000000)
  region size 1024K, 20 young (20480K), 3 survivors (3072K)
 Metaspace       used 94919K, capacity 97166K, committed 97276K, reserved 1134592K
  class space    used 12339K, capacity 13150K, committed 13184K, reserved 1048576K
GC Heap History (20 events):
Event: 129.330 GC heap before
{Heap before GC invocations=57 (full 0):
 garbage-first heap   total 199680K, used 115180K [0x0000000080000000, 0x0000000100000000)
  region size 1024K, 12 young (12288K), 2 survivors (2048K)
 Metaspace       used 92098K, capacity 94285K, committed 94460K, reserved 1130496K
  class space    used 11806K, capacity 12579K, committed 12672K, reserved 1048576K
}
Event: 129.344 GC heap after
{Heap after GC invocations=58 (full 0):
 garbage-first heap   total 199680K, used 106416K [0x0000000080000000, 0x0000000100000000)
  region size 1024K, 2 young (2048K), 2 survivors (2048K)
 Metaspace       used 92098K, capacity 94285K, committed 94460K, reserved 1130496K
  class space    used 11806K, capacity 12579K, committed 12672K, reserved 1048576K
}
Event: 131.614 GC heap before
{Heap before GC invocations=59 (full 0):
 garbage-first heap   total 199680K, used 163760K [0x0000000080000000, 0x0000000100000000)
  region size 1024K, 39 young (39936K), 2 survivors (2048K)
 Metaspace       used 92312K, capacity 94520K, committed 94716K, reserved 1132544K
  class space    used 11831K, capacity 12614K, committed 12672K, reserved 1048576K
}
Event: 131.757 GC heap after
{Heap after GC invocations=60 (full 0):
 garbage-first heap   total 199680K, used 132700K [0x0000000080000000, 0x0000000100000000)
  region size 1024K, 5 young (5120K), 5 survivors (5120K)
 Metaspace       used 92312K, capacity 94520K, committed 94716K, reserved 1132544K
  class space    used 11831K, capacity 12614K, committed 12672K, reserved 1048576K
}
Event: 132.065 GC heap before
{Heap before GC invocations=60 (full 0):
 garbage-first heap   total 199680K, used 140892K [0x0000000080000000, 0x0000000100000000)
  region size 1024K, 14 young (14336K), 5 survivors (5120K)
 Metaspace       used 92312K, capacity 94520K, committed 94716K, reserved 1132544K
  class space    used 11831K, capacity 12614K, committed 12672K, reserved 1048576K
}
Event: 132.225 GC heap after
{Heap after GC invocations=61 (full 0):
 garbage-first heap   total 199680K, used 136557K [0x0000000080000000, 0x0000000100000000)
  region size 1024K, 4 young (4096K), 4 survivors (4096K)
 Metaspace       used 92312K, capacity 94520K, committed 94716K, reserved 1132544K
  class space    used 11831K, capacity 12614K, committed 12672K, reserved 1048576K
}
Event: 134.047 GC heap before
{Heap before GC invocations=62 (full 0):
 garbage-first heap   total 199680K, used 141677K [0x0000000080000000, 0x0000000100000000)
  region size 1024K, 9 young (9216K), 4 survivors (4096K)
 Metaspace       used 92312K, capacity 94520K, committed 94716K, reserved 1132544K
  class space    used 11831K, capacity 12614K, committed 12672K, reserved 1048576K
}
Event: 134.147 GC heap after
{Heap after GC invocations=63 (full 0):
 garbage-first heap   total 199680K, used 139188K [0x0000000080000000, 0x0000000100000000)
  region size 1024K, 2 young (2048K), 2 survivors (2048K)
 Metaspace       used 92312K, capacity 94520K, committed 94716K, reserved 1132544K
  class space    used 11831K, capacity 12614K, committed 12672K, reserved 1048576K
}
Event: 136.043 GC heap before
{Heap before GC invocations=64 (full 0):
 garbage-first heap   total 199680K, used 156596K [0x0000000080000000, 0x0000000100000000)
  region size 1024K, 18 young (18432K), 2 survivors (2048K)
 Metaspace       used 92508K, capacity 94686K, committed 94716K, reserved 1132544K
  class space    used 11857K, capacity 12648K, committed 12672K, reserved 1048576K
}
Event: 136.156 GC heap after
{Heap after GC invocations=65 (full 0):
 garbage-first heap   total 271360K, used 147111K [0x0000000080000000, 0x0000000100000000)
  region size 1024K, 3 young (3072K), 3 survivors (3072K)
 Metaspace       used 92508K, capacity 94686K, committed 94716K, reserved 1132544K
  class space    used 11857K, capacity 12648K, committed 12672K, reserved 1048576K
}
Event: 139.322 GC heap before
{Heap before GC invocations=65 (full 0):
 garbage-first heap   total 271360K, used 167591K [0x0000000080000000, 0x0000000100000000)
  region size 1024K, 24 young (24576K), 3 survivors (3072K)
 Metaspace       used 94563K, capacity 96779K, committed 97020K, reserved 1132544K
  class space    used 12293K, capacity 13088K, committed 13184K, reserved 1048576K
}
Event: 139.451 GC heap after
{Heap after GC invocations=66 (full 0):
 garbage-first heap   total 271360K, used 156115K [0x0000000080000000, 0x0000000100000000)
  region size 1024K, 3 young (3072K), 3 survivors (3072K)
 Metaspace       used 94563K, capacity 96779K, committed 97020K, reserved 1132544K
  class space    used 12293K, capacity 13088K, committed 13184K, reserved 1048576K
}
Event: 143.421 GC heap before
{Heap before GC invocations=67 (full 0):
 garbage-first heap   total 271360K, used 177619K [0x0000000080000000, 0x0000000100000000)
  region size 1024K, 24 young (24576K), 3 survivors (3072K)
 Metaspace       used 94586K, capacity 96846K, committed 97020K, reserved 1132544K
  class space    used 12294K, capacity 13088K, committed 13184K, reserved 1048576K
}
Event: 143.619 GC heap after
{Heap after GC invocations=68 (full 0):
 garbage-first heap   total 271360K, used 167488K [0x0000000080000000, 0x0000000100000000)
  region size 1024K, 3 young (3072K), 3 survivors (3072K)
 Metaspace       used 94586K, capacity 96846K, committed 97020K, reserved 1132544K
  class space    used 12294K, capacity 13088K, committed 13184K, reserved 1048576K
}
Event: 146.549 GC heap before
{Heap before GC invocations=68 (full 0):
 garbage-first heap   total 271360K, used 188992K [0x0000000080000000, 0x0000000100000000)
  region size 1024K, 24 young (24576K), 3 survivors (3072K)
 Metaspace       used 94605K, capacity 96846K, committed 97020K, reserved 1132544K
  class space    used 12294K, capacity 13088K, committed 13184K, reserved 1048576K
}
Event: 146.719 GC heap after
{Heap after GC invocations=69 (full 0):
 garbage-first heap   total 271360K, used 179200K [0x0000000080000000, 0x0000000100000000)
  region size 1024K, 3 young (3072K), 3 survivors (3072K)
 Metaspace       used 94605K, capacity 96846K, committed 97020K, reserved 1132544K
  class space    used 12294K, capacity 13088K, committed 13184K, reserved 1048576K
}
Event: 149.791 GC heap before
{Heap before GC invocations=70 (full 0):
 garbage-first heap   total 271360K, used 193536K [0x0000000080000000, 0x0000000100000000)
  region size 1024K, 18 young (18432K), 3 survivors (3072K)
 Metaspace       used 94603K, capacity 96835K, committed 97020K, reserved 1132544K
  class space    used 12291K, capacity 13083K, committed 13184K, reserved 1048576K
}
Event: 149.886 GC heap after
{Heap after GC invocations=71 (full 0):
 garbage-first heap   total 386048K, used 187904K [0x0000000080000000, 0x0000000100000000)
  region size 1024K, 3 young (3072K), 3 survivors (3072K)
 Metaspace       used 94603K, capacity 96835K, committed 97020K, reserved 1132544K
  class space    used 12291K, capacity 13083K, committed 13184K, reserved 1048576K
}
Event: 150.373 GC heap before
{Heap before GC invocations=71 (full 0):
 garbage-first heap   total 386048K, used 208384K [0x0000000080000000, 0x0000000100000000)
  region size 1024K, 23 young (23552K), 3 survivors (3072K)
 Metaspace       used 94606K, capacity 96835K, committed 97020K, reserved 1132544K
  class space    used 12291K, capacity 13083K, committed 13184K, reserved 1048576K
}
Event: 150.462 GC heap after
{Heap after GC invocations=72 (full 0):
 garbage-first heap   total 386048K, used 199680K [0x0000000080000000, 0x0000000100000000)
  region size 1024K, 3 young (3072K), 3 survivors (3072K)
 Metaspace       used 94606K, capacity 96835K, committed 97020K, reserved 1132544K
  class space    used 12291K, capacity 13083K, committed 13184K, reserved 1048576K
}

