# JRE version: OpenJDK Runtime Environment (11.0.12+7) (build 11.0.12+7-b1504.28-7817840)
# Java VM: OpenJDK 64-Bit Server VM (11.0.12+7-b1504.28-7817840, mixed mode, tiered, compressed oops, g1 gc, windows-amd64)
Heap:
 garbage-first heap   total 802816K, used 208896K [0x0000000080000000, 0x0000000100000000)
  region size 1024K, 5 young (5120K), 5 survivors (5120K)
 Metaspace       used 94401K, capacity 96770K, committed 97024K, reserved 1132544K
  class space    used 12336K, capacity 13207K, committed 13312K, reserved 1048576K
GC Heap History (20 events):
Event: 370.687 GC heap after
{Heap after GC invocations=120 (full 0):
 garbage-first heap   total 139264K, used 132725K [0x0000000080000000, 0x0000000100000000)
  region size 1024K, 1 young (1024K), 1 survivors (1024K)
 Metaspace       used 90305K, capacity 92530K, committed 92800K, reserved 1130496K
  class space    used 11613K, capacity 12400K, committed 12416K, reserved 1048576K
}
Event: 370.746 GC heap before
{Heap before GC invocations=120 (full 0):
 garbage-first heap   total 139264K, used 137845K [0x0000000080000000, 0x0000000100000000)
  region size 1024K, 6 young (6144K), 1 survivors (1024K)
 Metaspace       used 90306K, capacity 92530K, committed 92800K, reserved 1130496K
  class space    used 11613K, capacity 12400K, committed 12416K, reserved 1048576K
}
Event: 370.774 GC heap after
{Heap after GC invocations=121 (full 0):
 garbage-first heap   total 141312K, used 134544K [0x0000000080000000, 0x0000000100000000)
  region size 1024K, 1 young (1024K), 1 survivors (1024K)
 Metaspace       used 90306K, capacity 92530K, committed 92800K, reserved 1130496K
  class space    used 11613K, capacity 12400K, committed 12416K, reserved 1048576K
}
Event: 371.212 GC heap before
{Heap before GC invocations=121 (full 0):
 garbage-first heap   total 141312K, used 138640K [0x0000000080000000, 0x0000000100000000)
  region size 1024K, 6 young (6144K), 1 survivors (1024K)
 Metaspace       used 90306K, capacity 92530K, committed 92800K, reserved 1130496K
  class space    used 11613K, capacity 12400K, committed 12416K, reserved 1048576K
}
Event: 371.320 GC heap after
{Heap after GC invocations=122 (full 0):
 garbage-first heap   total 192512K, used 136676K [0x0000000080000000, 0x0000000100000000)
  region size 1024K, 1 young (1024K), 1 survivors (1024K)
 Metaspace       used 90306K, capacity 92530K, committed 92800K, reserved 1130496K
  class space    used 11613K, capacity 12400K, committed 12416K, reserved 1048576K
}
Event: 371.585 GC heap before
{Heap before GC invocations=123 (full 0):
 garbage-first heap   total 192512K, used 141796K [0x0000000080000000, 0x0000000100000000)
  region size 1024K, 6 young (6144K), 1 survivors (1024K)
 Metaspace       used 90306K, capacity 92530K, committed 92800K, reserved 1130496K
  class space    used 11613K, capacity 12400K, committed 12416K, reserved 1048576K
}
Event: 371.620 GC heap after
{Heap after GC invocations=124 (full 0):
 garbage-first heap   total 192512K, used 139631K [0x0000000080000000, 0x0000000100000000)
  region size 1024K, 2 young (2048K), 2 survivors (2048K)
 Metaspace       used 90306K, capacity 92530K, committed 92800K, reserved 1130496K
  class space    used 11613K, capacity 12400K, committed 12416K, reserved 1048576K
}
Event: 371.787 GC heap before
{Heap before GC invocations=124 (full 0):
 garbage-first heap   total 192512K, used 151919K [0x0000000080000000, 0x0000000100000000)
  region size 1024K, 13 young (13312K), 2 survivors (2048K)
 Metaspace       used 90306K, capacity 92530K, committed 92800K, reserved 1130496K
  class space    used 11613K, capacity 12400K, committed 12416K, reserved 1048576K
}
Event: 371.852 GC heap after
{Heap after GC invocations=125 (full 0):
 garbage-first heap   total 192512K, used 145392K [0x0000000080000000, 0x0000000100000000)
  region size 1024K, 2 young (2048K), 2 survivors (2048K)
 Metaspace       used 90306K, capacity 92530K, committed 92800K, reserved 1130496K
  class space    used 11613K, capacity 12400K, committed 12416K, reserved 1048576K
}
Event: 372.880 GC heap before
{Heap before GC invocations=126 (full 0):
 garbage-first heap   total 192512K, used 155632K [0x0000000080000000, 0x0000000100000000)
  region size 1024K, 12 young (12288K), 2 survivors (2048K)
 Metaspace       used 92282K, capacity 94574K, committed 94848K, reserved 1130496K
  class space    used 12072K, capacity 12871K, committed 12928K, reserved 1048576K
}
Event: 372.926 GC heap after
{Heap after GC invocations=127 (full 0):
 garbage-first heap   total 192512K, used 148078K [0x0000000080000000, 0x0000000100000000)
  region size 1024K, 2 young (2048K), 2 survivors (2048K)
 Metaspace       used 92282K, capacity 94574K, committed 94848K, reserved 1130496K
  class space    used 12072K, capacity 12871K, committed 12928K, reserved 1048576K
}
Event: 373.426 GC heap before
{Heap before GC invocations=127 (full 0):
 garbage-first heap   total 192512K, used 158318K [0x0000000080000000, 0x0000000100000000)
  region size 1024K, 12 young (12288K), 2 survivors (2048K)
 Metaspace       used 92502K, capacity 94813K, committed 94848K, reserved 1130496K
  class space    used 12074K, capacity 12903K, committed 12928K, reserved 1048576K
}
Event: 373.491 GC heap after
{Heap after GC invocations=128 (full 0):
 garbage-first heap   total 409600K, used 153556K [0x0000000080000000, 0x0000000100000000)
  region size 1024K, 2 young (2048K), 2 survivors (2048K)
 Metaspace       used 92502K, capacity 94813K, committed 94848K, reserved 1130496K
  class space    used 12074K, capacity 12903K, committed 12928K, reserved 1048576K
}
Event: 375.949 GC heap before
{Heap before GC invocations=129 (full 0):
 garbage-first heap   total 409600K, used 171988K [0x0000000080000000, 0x0000000100000000)
  region size 1024K, 20 young (20480K), 2 survivors (2048K)
 Metaspace       used 92565K, capacity 94878K, committed 95104K, reserved 1132544K
  class space    used 12074K, capacity 12903K, committed 12928K, reserved 1048576K
}
Event: 376.026 GC heap after
{Heap after GC invocations=130 (full 0):
 garbage-first heap   total 409600K, used 163260K [0x0000000080000000, 0x0000000100000000)
  region size 1024K, 3 young (3072K), 3 survivors (3072K)
 Metaspace       used 92565K, capacity 94878K, committed 95104K, reserved 1132544K
  class space    used 12074K, capacity 12903K, committed 12928K, reserved 1048576K
}
Event: 376.786 GC heap before
{Heap before GC invocations=130 (full 0):
 garbage-first heap   total 409600K, used 197052K [0x0000000080000000, 0x0000000100000000)
  region size 1024K, 36 young (36864K), 3 survivors (3072K)
 Metaspace       used 92582K, capacity 94881K, committed 95104K, reserved 1132544K
  class space    used 12074K, capacity 12903K, committed 12928K, reserved 1048576K
}
Event: 376.909 GC heap after
{Heap after GC invocations=131 (full 0):
 garbage-first heap   total 409600K, used 180736K [0x0000000080000000, 0x0000000100000000)
  region size 1024K, 5 young (5120K), 5 survivors (5120K)
 Metaspace       used 92582K, capacity 94881K, committed 95104K, reserved 1132544K
  class space    used 12074K, capacity 12903K, committed 12928K, reserved 1048576K
}
Event: 378.531 GC heap before
{Heap before GC invocations=131 (full 0):
 garbage-first heap   total 409600K, used 216576K [0x0000000080000000, 0x0000000100000000)
  region size 1024K, 40 young (40960K), 5 survivors (5120K)
 Metaspace       used 92595K, capacity 94881K, committed 95104K, reserved 1132544K
  class space    used 12074K, capacity 12903K, committed 12928K, reserved 1048576K
}
Event: 378.750 GC heap after
{Heap after GC invocations=132 (full 0):
 garbage-first heap   total 409600K, used 199168K [0x0000000080000000, 0x0000000100000000)
  region size 1024K, 5 young (5120K), 5 survivors (5120K)
 Metaspace       used 92595K, capacity 94881K, committed 95104K, reserved 1132544K
  class space    used 12074K, capacity 12903K, committed 12928K, reserved 1048576K
}
Event: 384.740 GC heap before
{Heap before GC invocations=132 (full 0):
 garbage-first heap   total 409600K, used 228864K [0x0000000080000000, 0x0000000100000000)
  region size 1024K, 34 young (34816K), 5 survivors (5120K)
 Metaspace       used 94401K, capacity 96770K, committed 97024K, reserved 1132544K
  class space    used 12336K, capacity 13207K, committed 13312K, reserved 1048576K
}

