# JRE version: OpenJDK Runtime Environment (11.0.12+7) (build 11.0.12+7-b1504.28-7817840)
# Java VM: OpenJDK 64-Bit Server VM (11.0.12+7-b1504.28-7817840, mixed mode, tiered, compressed oops, g1 gc, windows-amd64)
Heap:
 garbage-first heap   total 392192K, used 214606K [0x0000000080000000, 0x0000000100000000)
  region size 1024K, 3 young (3072K), 3 survivors (3072K)
 Metaspace       used 107716K, capacity 110459K, committed 110768K, reserved 1144832K
  class space    used 13581K, capacity 14515K, committed 14592K, reserved 1048576K
GC Heap History (20 events):
Event: 368.702 GC heap after
{Heap after GC invocations=99 (full 1):
 garbage-first heap   total 242688K, used 151713K [0x0000000080000000, 0x0000000100000000)
  region size 1024K, 10 young (10240K), 10 survivors (10240K)
 Metaspace       used 103611K, capacity 106168K, committed 106416K, reserved 1142784K
  class space    used 12851K, capacity 13737K, committed 13824K, reserved 1048576K
}
Event: 368.708 GC heap before
{Heap before GC invocations=99 (full 1):
 garbage-first heap   total 242688K, used 151713K [0x0000000080000000, 0x0000000100000000)
  region size 1024K, 11 young (11264K), 10 survivors (10240K)
 Metaspace       used 103611K, capacity 106168K, committed 106416K, reserved 1142784K
  class space    used 12851K, capacity 13737K, committed 13824K, reserved 1048576K
}
Event: 368.780 GC heap after
{Heap after GC invocations=100 (full 1):
 garbage-first heap   total 242688K, used 148558K [0x0000000080000000, 0x0000000100000000)
  region size 1024K, 1 young (1024K), 1 survivors (1024K)
 Metaspace       used 103611K, capacity 106168K, committed 106416K, reserved 1142784K
  class space    used 12851K, capacity 13737K, committed 13824K, reserved 1048576K
}
Event: 371.910 GC heap before
{Heap before GC invocations=100 (full 1):
 garbage-first heap   total 242688K, used 188494K [0x0000000080000000, 0x0000000100000000)
  region size 1024K, 41 young (41984K), 1 survivors (1024K)
 Metaspace       used 105877K, capacity 108480K, committed 108592K, reserved 1144832K
  class space    used 13312K, capacity 14206K, committed 14208K, reserved 1048576K
}
Event: 372.126 GC heap after
{Heap after GC invocations=101 (full 1):
 garbage-first heap   total 242688K, used 165454K [0x0000000080000000, 0x0000000100000000)
  region size 1024K, 6 young (6144K), 6 survivors (6144K)
 Metaspace       used 105877K, capacity 108480K, committed 108592K, reserved 1144832K
  class space    used 13312K, capacity 14206K, committed 14208K, reserved 1048576K
}
Event: 373.811 GC heap before
{Heap before GC invocations=102 (full 1):
 garbage-first heap   total 242688K, used 169550K [0x0000000080000000, 0x0000000100000000)
  region size 1024K, 11 young (11264K), 6 survivors (6144K)
 Metaspace       used 105878K, capacity 108480K, committed 108592K, reserved 1144832K
  class space    used 13313K, capacity 14206K, committed 14208K, reserved 1048576K
}
Event: 373.971 GC heap after
{Heap after GC invocations=103 (full 1):
 garbage-first heap   total 242688K, used 168014K [0x0000000080000000, 0x0000000100000000)
  region size 1024K, 2 young (2048K), 2 survivors (2048K)
 Metaspace       used 105878K, capacity 108480K, committed 108592K, reserved 1144832K
  class space    used 13313K, capacity 14206K, committed 14208K, reserved 1048576K
}
Event: 374.333 GC heap before
{Heap before GC invocations=103 (full 1):
 garbage-first heap   total 242688K, used 177230K [0x0000000080000000, 0x0000000100000000)
  region size 1024K, 11 young (11264K), 2 survivors (2048K)
 Metaspace       used 105881K, capacity 108483K, committed 108592K, reserved 1144832K
  class space    used 13313K, capacity 14206K, committed 14208K, reserved 1048576K
}
Event: 374.387 GC heap after
{Heap after GC invocations=104 (full 1):
 garbage-first heap   total 242688K, used 170062K [0x0000000080000000, 0x0000000100000000)
  region size 1024K, 2 young (2048K), 2 survivors (2048K)
 Metaspace       used 105881K, capacity 108483K, committed 108592K, reserved 1144832K
  class space    used 13313K, capacity 14206K, committed 14208K, reserved 1048576K
}
Event: 375.242 GC heap before
{Heap before GC invocations=104 (full 1):
 garbage-first heap   total 242688K, used 188494K [0x0000000080000000, 0x0000000100000000)
  region size 1024K, 20 young (20480K), 2 survivors (2048K)
 Metaspace       used 105881K, capacity 108483K, committed 108592K, reserved 1144832K
  class space    used 13313K, capacity 14206K, committed 14208K, reserved 1048576K
}
Event: 375.341 GC heap after
{Heap after GC invocations=105 (full 1):
 garbage-first heap   total 242688K, used 179790K [0x0000000080000000, 0x0000000100000000)
  region size 1024K, 3 young (3072K), 3 survivors (3072K)
 Metaspace       used 105881K, capacity 108483K, committed 108592K, reserved 1144832K
  class space    used 13313K, capacity 14206K, committed 14208K, reserved 1048576K
}
Event: 378.414 GC heap before
{Heap before GC invocations=106 (full 1):
 garbage-first heap   total 242688K, used 194126K [0x0000000080000000, 0x0000000100000000)
  region size 1024K, 17 young (17408K), 3 survivors (3072K)
 Metaspace       used 105881K, capacity 108483K, committed 108592K, reserved 1144832K
  class space    used 13313K, capacity 14206K, committed 14208K, reserved 1048576K
}
Event: 378.528 GC heap after
{Heap after GC invocations=107 (full 1):
 garbage-first heap   total 291840K, used 186958K [0x0000000080000000, 0x0000000100000000)
  region size 1024K, 3 young (3072K), 3 survivors (3072K)
 Metaspace       used 105881K, capacity 108483K, committed 108592K, reserved 1144832K
  class space    used 13313K, capacity 14206K, committed 14208K, reserved 1048576K
}
Event: 379.516 GC heap before
{Heap before GC invocations=107 (full 1):
 garbage-first heap   total 291840K, used 198222K [0x0000000080000000, 0x0000000100000000)
  region size 1024K, 14 young (14336K), 3 survivors (3072K)
 Metaspace       used 105888K, capacity 108483K, committed 108592K, reserved 1144832K
  class space    used 13313K, capacity 14206K, committed 14208K, reserved 1048576K
}
Event: 379.621 GC heap after
{Heap after GC invocations=108 (full 1):
 garbage-first heap   total 291840K, used 193614K [0x0000000080000000, 0x0000000100000000)
  region size 1024K, 2 young (2048K), 2 survivors (2048K)
 Metaspace       used 105888K, capacity 108483K, committed 108592K, reserved 1144832K
  class space    used 13313K, capacity 14206K, committed 14208K, reserved 1048576K
}
Event: 380.629 GC heap before
{Heap before GC invocations=108 (full 1):
 garbage-first heap   total 291840K, used 216142K [0x0000000080000000, 0x0000000100000000)
  region size 1024K, 24 young (24576K), 2 survivors (2048K)
 Metaspace       used 105889K, capacity 108483K, committed 108592K, reserved 1144832K
  class space    used 13313K, capacity 14206K, committed 14208K, reserved 1048576K
}
Event: 380.771 GC heap after
{Heap after GC invocations=109 (full 1):
 garbage-first heap   total 291840K, used 204366K [0x0000000080000000, 0x0000000100000000)
  region size 1024K, 3 young (3072K), 3 survivors (3072K)
 Metaspace       used 105889K, capacity 108483K, committed 108592K, reserved 1144832K
  class space    used 13313K, capacity 14206K, committed 14208K, reserved 1048576K
}
Event: 384.682 GC heap before
{Heap before GC invocations=109 (full 1):
 garbage-first heap   total 291840K, used 226894K [0x0000000080000000, 0x0000000100000000)
  region size 1024K, 25 young (25600K), 3 survivors (3072K)
 Metaspace       used 107638K, capacity 110326K, committed 110512K, reserved 1144832K
  class space    used 13571K, capacity 14473K, committed 14592K, reserved 1048576K
}
Event: 384.785 GC heap after
{Heap after GC invocations=110 (full 1):
 garbage-first heap   total 291840K, used 211022K [0x0000000080000000, 0x0000000100000000)
  region size 1024K, 4 young (4096K), 4 survivors (4096K)
 Metaspace       used 107638K, capacity 110326K, committed 110512K, reserved 1144832K
  class space    used 13571K, capacity 14473K, committed 14592K, reserved 1048576K
}
Event: 385.318 GC heap before
{Heap before GC invocations=110 (full 1):
 garbage-first heap   total 291840K, used 226382K [0x0000000080000000, 0x0000000100000000)
  region size 1024K, 19 young (19456K), 4 survivors (4096K)
 Metaspace       used 107716K, capacity 110459K, committed 110768K, reserved 1144832K
  class space    used 13581K, capacity 14515K, committed 14592K, reserved 1048576K
}

