# JRE version: OpenJDK Runtime Environment (11.0.12+7) (build 11.0.12+7-b1504.28-7817840)
# Java VM: OpenJDK 64-Bit Server VM (11.0.12+7-b1504.28-7817840, mixed mode, tiered, compressed oops, g1 gc, windows-amd64)
Heap:
 garbage-first heap   total 525312K, used 252075K [0x0000000080000000, 0x0000000100000000)
  region size 1024K, 3 young (3072K), 3 survivors (3072K)
 Metaspace       used 118436K, capacity 121701K, committed 122044K, reserved 1155072K
  class space    used 14868K, capacity 16142K, committed 16256K, reserved 1048576K
GC Heap History (20 events):
Event: 213.669 GC heap after
{Heap after GC invocations=82 (full 0):
 garbage-first heap   total 404480K, used 140102K [0x0000000080000000, 0x0000000100000000)
  region size 1024K, 3 young (3072K), 3 survivors (3072K)
 Metaspace       used 118040K, capacity 121265K, committed 121532K, reserved 1155072K
  class space    used 14865K, capacity 16136K, committed 16256K, reserved 1048576K
}
Event: 217.156 GC heap before
{Heap before GC invocations=82 (full 0):
 garbage-first heap   total 404480K, used 155462K [0x0000000080000000, 0x0000000100000000)
  region size 1024K, 19 young (19456K), 3 survivors (3072K)
 Metaspace       used 118113K, capacity 121400K, committed 121532K, reserved 1155072K
  class space    used 14866K, capacity 16137K, committed 16256K, reserved 1048576K
}
Event: 217.209 GC heap after
{Heap after GC invocations=83 (full 0):
 garbage-first heap   total 404480K, used 125517K [0x0000000080000000, 0x0000000100000000)
  region size 1024K, 2 young (2048K), 2 survivors (2048K)
 Metaspace       used 118113K, capacity 121400K, committed 121532K, reserved 1155072K
  class space    used 14866K, capacity 16137K, committed 16256K, reserved 1048576K
}
Event: 230.154 GC heap before
{Heap before GC invocations=83 (full 0):
 garbage-first heap   total 404480K, used 247373K [0x0000000080000000, 0x0000000100000000)
  region size 1024K, 92 young (94208K), 2 survivors (2048K)
 Metaspace       used 118375K, capacity 121625K, committed 121788K, reserved 1155072K
  class space    used 14868K, capacity 16142K, committed 16256K, reserved 1048576K
}
Event: 230.231 GC heap after
{Heap after GC invocations=84 (full 0):
 garbage-first heap   total 404480K, used 167200K [0x0000000080000000, 0x0000000100000000)
  region size 1024K, 12 young (12288K), 12 survivors (12288K)
 Metaspace       used 118375K, capacity 121625K, committed 121788K, reserved 1155072K
  class space    used 14868K, capacity 16142K, committed 16256K, reserved 1048576K
}
Event: 232.888 GC heap before
{Heap before GC invocations=84 (full 0):
 garbage-first heap   total 404480K, used 263456K [0x0000000080000000, 0x0000000100000000)
  region size 1024K, 104 young (106496K), 12 survivors (12288K)
 Metaspace       used 118383K, capacity 121625K, committed 121788K, reserved 1155072K
  class space    used 14868K, capacity 16142K, committed 16256K, reserved 1048576K
}
Event: 233.467 GC heap after
{Heap after GC invocations=85 (full 0):
 garbage-first heap   total 404480K, used 212166K [0x0000000080000000, 0x0000000100000000)
  region size 1024K, 13 young (13312K), 13 survivors (13312K)
 Metaspace       used 118383K, capacity 121625K, committed 121788K, reserved 1155072K
  class space    used 14868K, capacity 16142K, committed 16256K, reserved 1048576K
}
Event: 233.871 GC heap before
{Heap before GC invocations=85 (full 0):
 garbage-first heap   total 404480K, used 218310K [0x0000000080000000, 0x0000000100000000)
  region size 1024K, 19 young (19456K), 13 survivors (13312K)
 Metaspace       used 118383K, capacity 121625K, committed 121788K, reserved 1155072K
  class space    used 14868K, capacity 16142K, committed 16256K, reserved 1048576K
}
Event: 234.158 GC heap after
{Heap after GC invocations=86 (full 0):
 garbage-first heap   total 404480K, used 216064K [0x0000000080000000, 0x0000000100000000)
  region size 1024K, 3 young (3072K), 3 survivors (3072K)
 Metaspace       used 118383K, capacity 121625K, committed 121788K, reserved 1155072K
  class space    used 14868K, capacity 16142K, committed 16256K, reserved 1048576K
}
Event: 234.535 GC heap before
{Heap before GC invocations=86 (full 0):
 garbage-first heap   total 404480K, used 232448K [0x0000000080000000, 0x0000000100000000)
  region size 1024K, 19 young (19456K), 3 survivors (3072K)
 Metaspace       used 118383K, capacity 121625K, committed 121788K, reserved 1155072K
  class space    used 14868K, capacity 16142K, committed 16256K, reserved 1048576K
}
Event: 234.708 GC heap after
{Heap after GC invocations=87 (full 0):
 garbage-first heap   total 404480K, used 224768K [0x0000000080000000, 0x0000000100000000)
  region size 1024K, 3 young (3072K), 3 survivors (3072K)
 Metaspace       used 118383K, capacity 121625K, committed 121788K, reserved 1155072K
  class space    used 14868K, capacity 16142K, committed 16256K, reserved 1048576K
}
Event: 235.077 GC heap before
{Heap before GC invocations=87 (full 0):
 garbage-first heap   total 404480K, used 240128K [0x0000000080000000, 0x0000000100000000)
  region size 1024K, 19 young (19456K), 3 survivors (3072K)
 Metaspace       used 118383K, capacity 121625K, committed 121788K, reserved 1155072K
  class space    used 14868K, capacity 16142K, committed 16256K, reserved 1048576K
}
Event: 235.179 GC heap after
{Heap after GC invocations=88 (full 0):
 garbage-first heap   total 404480K, used 233472K [0x0000000080000000, 0x0000000100000000)
  region size 1024K, 3 young (3072K), 3 survivors (3072K)
 Metaspace       used 118383K, capacity 121625K, committed 121788K, reserved 1155072K
  class space    used 14868K, capacity 16142K, committed 16256K, reserved 1048576K
}
Event: 235.700 GC heap before
{Heap before GC invocations=88 (full 0):
 garbage-first heap   total 404480K, used 248832K [0x0000000080000000, 0x0000000100000000)
  region size 1024K, 19 young (19456K), 3 survivors (3072K)
 Metaspace       used 118383K, capacity 121625K, committed 121788K, reserved 1155072K
  class space    used 14868K, capacity 16142K, committed 16256K, reserved 1048576K
}
Event: 235.817 GC heap after
{Heap after GC invocations=89 (full 0):
 garbage-first heap   total 404480K, used 242176K [0x0000000080000000, 0x0000000100000000)
  region size 1024K, 3 young (3072K), 3 survivors (3072K)
 Metaspace       used 118383K, capacity 121625K, committed 121788K, reserved 1155072K
  class space    used 14868K, capacity 16142K, committed 16256K, reserved 1048576K
}
Event: 238.075 GC heap before
{Heap before GC invocations=89 (full 0):
 garbage-first heap   total 404480K, used 257536K [0x0000000080000000, 0x0000000100000000)
  region size 1024K, 19 young (19456K), 3 survivors (3072K)
 Metaspace       used 118392K, capacity 121691K, committed 122044K, reserved 1155072K
  class space    used 14868K, capacity 16142K, committed 16256K, reserved 1048576K
}
Event: 238.207 GC heap after
{Heap after GC invocations=90 (full 0):
 garbage-first heap   total 404480K, used 246784K [0x0000000080000000, 0x0000000100000000)
  region size 1024K, 3 young (3072K), 3 survivors (3072K)
 Metaspace       used 118392K, capacity 121691K, committed 122044K, reserved 1155072K
  class space    used 14868K, capacity 16142K, committed 16256K, reserved 1048576K
}
Event: 238.621 GC heap before
{Heap before GC invocations=90 (full 0):
 garbage-first heap   total 404480K, used 262144K [0x0000000080000000, 0x0000000100000000)
  region size 1024K, 19 young (19456K), 3 survivors (3072K)
 Metaspace       used 118428K, capacity 121696K, committed 122044K, reserved 1155072K
  class space    used 14868K, capacity 16142K, committed 16256K, reserved 1048576K
}
Event: 238.709 GC heap after
{Heap after GC invocations=91 (full 0):
 garbage-first heap   total 404480K, used 249935K [0x0000000080000000, 0x0000000100000000)
  region size 1024K, 3 young (3072K), 3 survivors (3072K)
 Metaspace       used 118428K, capacity 121696K, committed 122044K, reserved 1155072K
  class space    used 14868K, capacity 16142K, committed 16256K, reserved 1048576K
}
Event: 239.071 GC heap before
{Heap before GC invocations=91 (full 0):
 garbage-first heap   total 404480K, used 266319K [0x0000000080000000, 0x0000000100000000)
  region size 1024K, 19 young (19456K), 3 survivors (3072K)
 Metaspace       used 118436K, capacity 121701K, committed 122044K, reserved 1155072K
  class space    used 14868K, capacity 16142K, committed 16256K, reserved 1048576K
}

