# JRE version: OpenJDK Runtime Environment (11.0.12+7) (build 11.0.12+7-b1504.28-7817840)
# Java VM: OpenJDK 64-Bit Server VM (11.0.12+7-b1504.28-7817840, mixed mode, tiered, compressed oops, g1 gc, windows-amd64)
Heap:
 garbage-first heap   total 330752K, used 143960K [0x0000000080000000, 0x0000000100000000)
  region size 1024K, 1 young (1024K), 1 survivors (1024K)
 Metaspace       used 88905K, capacity 91194K, committed 91392K, reserved 1128448K
  class space    used 11468K, capacity 12263K, committed 12288K, reserved 1048576K
GC Heap History (20 events):
Event: 262.685 GC heap after
{Heap after GC invocations=108 (full 0):
 garbage-first heap   total 138240K, used 113002K [0x0000000080000000, 0x0000000100000000)
  region size 1024K, 1 young (1024K), 1 survivors (1024K)
 Metaspace       used 88683K, capacity 90893K, committed 91136K, reserved 1128448K
  class space    used 11444K, capacity 12228K, committed 12288K, reserved 1048576K
}
Event: 262.715 GC heap before
{Heap before GC invocations=108 (full 0):
 garbage-first heap   total 138240K, used 119146K [0x0000000080000000, 0x0000000100000000)
  region size 1024K, 6 young (6144K), 1 survivors (1024K)
 Metaspace       used 88687K, capacity 90957K, committed 91136K, reserved 1128448K
  class space    used 11444K, capacity 12228K, committed 12288K, reserved 1048576K
}
Event: 262.720 GC heap after
{Heap after GC invocations=109 (full 0):
 garbage-first heap   total 138240K, used 116143K [0x0000000080000000, 0x0000000100000000)
  region size 1024K, 1 young (1024K), 1 survivors (1024K)
 Metaspace       used 88687K, capacity 90957K, committed 91136K, reserved 1128448K
  class space    used 11444K, capacity 12228K, committed 12288K, reserved 1048576K
}
Event: 263.722 GC heap before
{Heap before GC invocations=110 (full 0):
 garbage-first heap   total 138240K, used 130479K [0x0000000080000000, 0x0000000100000000)
  region size 1024K, 6 young (6144K), 1 survivors (1024K)
 Metaspace       used 88879K, capacity 91127K, committed 91392K, reserved 1128448K
  class space    used 11468K, capacity 12263K, committed 12288K, reserved 1048576K
}
Event: 263.742 GC heap after
{Heap after GC invocations=111 (full 0):
 garbage-first heap   total 138240K, used 123330K [0x0000000080000000, 0x0000000100000000)
  region size 1024K, 1 young (1024K), 1 survivors (1024K)
 Metaspace       used 88879K, capacity 91127K, committed 91392K, reserved 1128448K
  class space    used 11468K, capacity 12263K, committed 12288K, reserved 1048576K
}
Event: 264.050 GC heap before
{Heap before GC invocations=111 (full 0):
 garbage-first heap   total 138240K, used 128450K [0x0000000080000000, 0x0000000100000000)
  region size 1024K, 6 young (6144K), 1 survivors (1024K)
 Metaspace       used 88895K, capacity 91128K, committed 91392K, reserved 1128448K
  class space    used 11468K, capacity 12263K, committed 12288K, reserved 1048576K
}
Event: 264.082 GC heap after
{Heap after GC invocations=112 (full 0):
 garbage-first heap   total 138240K, used 125854K [0x0000000080000000, 0x0000000100000000)
  region size 1024K, 1 young (1024K), 1 survivors (1024K)
 Metaspace       used 88895K, capacity 91128K, committed 91392K, reserved 1128448K
  class space    used 11468K, capacity 12263K, committed 12288K, reserved 1048576K
}
Event: 265.589 GC heap before
{Heap before GC invocations=113 (full 0):
 garbage-first heap   total 138240K, used 130974K [0x0000000080000000, 0x0000000100000000)
  region size 1024K, 6 young (6144K), 1 survivors (1024K)
 Metaspace       used 88898K, capacity 91192K, committed 91392K, reserved 1128448K
  class space    used 11468K, capacity 12263K, committed 12288K, reserved 1048576K
}
Event: 265.652 GC heap after
{Heap after GC invocations=114 (full 0):
 garbage-first heap   total 138240K, used 128287K [0x0000000080000000, 0x0000000100000000)
  region size 1024K, 1 young (1024K), 1 survivors (1024K)
 Metaspace       used 88898K, capacity 91192K, committed 91392K, reserved 1128448K
  class space    used 11468K, capacity 12263K, committed 12288K, reserved 1048576K
}
Event: 265.938 GC heap before
{Heap before GC invocations=114 (full 0):
 garbage-first heap   total 138240K, used 133407K [0x0000000080000000, 0x0000000100000000)
  region size 1024K, 6 young (6144K), 1 survivors (1024K)
 Metaspace       used 88899K, capacity 91192K, committed 91392K, reserved 1128448K
  class space    used 11468K, capacity 12263K, committed 12288K, reserved 1048576K
}
Event: 265.981 GC heap after
{Heap after GC invocations=115 (full 0):
 garbage-first heap   total 138240K, used 130650K [0x0000000080000000, 0x0000000100000000)
  region size 1024K, 1 young (1024K), 1 survivors (1024K)
 Metaspace       used 88899K, capacity 91192K, committed 91392K, reserved 1128448K
  class space    used 11468K, capacity 12263K, committed 12288K, reserved 1048576K
}
Event: 267.400 GC heap before
{Heap before GC invocations=116 (full 0):
 garbage-first heap   total 138240K, used 134746K [0x0000000080000000, 0x0000000100000000)
  region size 1024K, 6 young (6144K), 1 survivors (1024K)
 Metaspace       used 88905K, capacity 91194K, committed 91392K, reserved 1128448K
  class space    used 11468K, capacity 12263K, committed 12288K, reserved 1048576K
}
Event: 267.462 GC heap after
{Heap after GC invocations=117 (full 0):
 garbage-first heap   total 176128K, used 132687K [0x0000000080000000, 0x0000000100000000)
  region size 1024K, 1 young (1024K), 1 survivors (1024K)
 Metaspace       used 88905K, capacity 91194K, committed 91392K, reserved 1128448K
  class space    used 11468K, capacity 12263K, committed 12288K, reserved 1048576K
}
Event: 267.688 GC heap before
{Heap before GC invocations=117 (full 0):
 garbage-first heap   total 176128K, used 139855K [0x0000000080000000, 0x0000000100000000)
  region size 1024K, 8 young (8192K), 1 survivors (1024K)
 Metaspace       used 88905K, capacity 91194K, committed 91392K, reserved 1128448K
  class space    used 11468K, capacity 12263K, committed 12288K, reserved 1048576K
}
Event: 267.745 GC heap after
{Heap after GC invocations=118 (full 0):
 garbage-first heap   total 176128K, used 135340K [0x0000000080000000, 0x0000000100000000)
  region size 1024K, 1 young (1024K), 1 survivors (1024K)
 Metaspace       used 88905K, capacity 91194K, committed 91392K, reserved 1128448K
  class space    used 11468K, capacity 12263K, committed 12288K, reserved 1048576K
}
Event: 267.781 GC heap before
{Heap before GC invocations=118 (full 0):
 garbage-first heap   total 176128K, used 136364K [0x0000000080000000, 0x0000000100000000)
  region size 1024K, 3 young (3072K), 1 survivors (1024K)
 Metaspace       used 88905K, capacity 91194K, committed 91392K, reserved 1128448K
  class space    used 11468K, capacity 12263K, committed 12288K, reserved 1048576K
}
Event: 267.824 GC heap after
{Heap after GC invocations=119 (full 0):
 garbage-first heap   total 176128K, used 136196K [0x0000000080000000, 0x0000000100000000)
  region size 1024K, 2 young (2048K), 2 survivors (2048K)
 Metaspace       used 88905K, capacity 91194K, committed 91392K, reserved 1128448K
  class space    used 11468K, capacity 12263K, committed 12288K, reserved 1048576K
}
Event: 268.532 GC heap before
{Heap before GC invocations=119 (full 0):
 garbage-first heap   total 176128K, used 144388K [0x0000000080000000, 0x0000000100000000)
  region size 1024K, 9 young (9216K), 2 survivors (2048K)
 Metaspace       used 88905K, capacity 91194K, committed 91392K, reserved 1128448K
  class space    used 11468K, capacity 12263K, committed 12288K, reserved 1048576K
}
Event: 268.609 GC heap after
{Heap after GC invocations=120 (full 0):
 garbage-first heap   total 176128K, used 141082K [0x0000000080000000, 0x0000000100000000)
  region size 1024K, 2 young (2048K), 2 survivors (2048K)
 Metaspace       used 88905K, capacity 91194K, committed 91392K, reserved 1128448K
  class space    used 11468K, capacity 12263K, committed 12288K, reserved 1048576K
}
Event: 268.753 GC heap before
{Heap before GC invocations=120 (full 0):
 garbage-first heap   total 176128K, used 146202K [0x0000000080000000, 0x0000000100000000)
  region size 1024K, 8 young (8192K), 2 survivors (2048K)
 Metaspace       used 88905K, capacity 91194K, committed 91392K, reserved 1128448K
  class space    used 11468K, capacity 12263K, committed 12288K, reserved 1048576K
}

